00:00:00.563497 VirtualBox GUI VM Selector Window 7.0.18 r162988 linux.amd64 (May  3 2024 17:29:05) release log
00:00:00.563502 Log opened 2024-06-15T06:54:54.944240000Z
00:00:00.563504 Build Type: release
00:00:00.563509 OS Product: Linux
00:00:00.563512 OS Release: 6.9.4-zen1-1-zen
00:00:00.563515 OS Version: #1 ZEN SMP PREEMPT_DYNAMIC Wed, 12 Jun 2024 20:16:55 +0000
00:00:00.563558 DMI Product Name: 82B5
00:00:00.563579 DMI Product Version: Lenovo Legion 5 15ARH05
00:00:00.563590 Firmware type: UEFI
00:00:00.563771 Secure Boot: Disabled
00:00:00.563849 Host RAM: 15356MB (14.9GB) total, 12429MB (12.1GB) available
00:00:00.563855 Executable: /usr/lib/virtualbox/VirtualBox
00:00:00.563857 Process ID: 75989
00:00:00.563859 Package type: LINUX_64BITS_GENERIC (OSE)
00:00:00.563913 Qt version: 5.15.14
00:00:00.565143 GUI: UIMediumEnumerator: Initial medium-enumeration finished!
00:00:00.573258 GUI: UIMediumEnumerator: Medium-enumeration started...
00:00:00.573304 GUI: UIMediumEnumerator: Medium-enumeration finished!
00:00:01.755694 GUI: UIDesktopWidgetWatchdog::sltHandleHostScreenAvailableGeometryCalculated: Screen 0 work area is actually resized to: 560x140 x 800x800
00:00:04.362244 GUI: UICommon: Handling aboutToQuit request..
00:00:05.530676 GUI: UICommon: aboutToQuit request handled!
