00:00:00.000214 main     VirtualBox XPCOM Server 7.0.18 r162988 linux.amd64 (May  3 2024 17:29:05) release log
00:00:00.000217 main     Log opened 2024-06-20T01:47:07.339415000Z
00:00:00.000218 main     Build Type: release
00:00:00.000221 main     OS Product: Linux
00:00:00.000222 main     OS Release: 6.9.4-zen1-1-zen
00:00:00.000224 main     OS Version: #1 ZEN SMP PREEMPT_DYNAMIC Wed, 12 Jun 2024 20:16:55 +0000
00:00:00.000240 main     DMI Product Name: 82B5
00:00:00.000248 main     DMI Product Version: Lenovo Legion 5 15ARH05
00:00:00.000252 main     Firmware type: UEFI
00:00:00.000350 main     Secure Boot: Disabled
00:00:00.000379 main     Host RAM: 15356MB (14.9GB) total, 12989MB (12.6GB) available
00:00:00.000381 main     Executable: /usr/lib/virtualbox/VBoxSVC
00:00:00.000382 main     Process ID: 63388
00:00:00.000384 main     Package type: LINUX_64BITS_GENERIC (OSE)
00:00:00.001173 main     IPC socket path: /tmp/.vbox-adnan-ipc/ipcd
00:00:00.106399 nspr-2   VirtualBox: object creation starts
00:00:00.106475 nspr-2   Home directory: '/home/adnan/.config/VirtualBox'
00:00:00.106566 nspr-2   Loading settings file "/home/adnan/.config/VirtualBox/VirtualBox.xml" with version "1.12-linux"
00:00:00.114484 nspr-2   NetIfAdpCtlOut: VBoxNetAdpCtl: Error while retrieving link speed for wlp4s0: VBoxNetAdpCtl: ioctl failed: Operation not supported
00:00:00.116017 nspr-2   HostDnsMonitor: initializing
00:00:00.116183 nspr-2   NAT: resolv.conf: nameserver 192.168.0.1
00:00:00.116200 nspr-2   HostDnsMonitor: updating information
00:00:00.116217 nspr-2   HostDnsMonitor: old information
00:00:00.116222 nspr-2     no server entries
00:00:00.116228 nspr-2     no domain set
00:00:00.116233 nspr-2     no search string entries
00:00:00.116239 nspr-2   HostDnsMonitor: new information
00:00:00.116243 nspr-2     server 1: 192.168.0.1
00:00:00.116248 nspr-2     no domain set
00:00:00.116253 nspr-2     no search string entries
00:00:00.118097 nspr-2   VD: VDInit finished with VINF_SUCCESS
00:00:00.118161 nspr-2   ERROR [COM]: aRC=NS_ERROR_FAILURE (0x80004005) aIID={aac6c7cb-a371-4c58-ab51-0616896b2f2c} aComponent={SystemPropertiesWrap} aText={Cannot determine default Guest Additions ISO location. Most likely they are not available}, preserve=false aResultDetail=0
00:00:00.118766 nspr-2   Loading settings file "/home/adnan/VirtualBox VMs/centos_default_1718434935310_86111/centos_default_1718434935310_86111.vbox" with version "1.19-linux"
00:00:00.119395 nspr-2   VirtualBox: object created
00:00:00.126493 nspr-3   ERROR [COM]: aRC=VBOX_E_OBJECT_NOT_FOUND (0x80bb0001) aIID={7682d5eb-f00e-44f1-8ca2-99d08b1cd607} aComponent={VirtualBoxWrap} aText={Ńo extension pack providing a cryptographic support module could be found}, preserve=false aResultDetail=0
00:00:00.136199 nspr-3   ERROR [COM]: aRC=VBOX_E_OBJECT_NOT_FOUND (0x80bb0001) aIID={300763af-5d6b-46e6-aa96-273eac15538a} aComponent={SessionMachine} aText={No storage device attached to device slot 1 on port 0 of controller 'IDE Controller'}, preserve=false aResultDetail=0
00:00:00.136412 nspr-3   ERROR [COM]: aRC=VBOX_E_OBJECT_NOT_FOUND (0x80bb0001) aIID={300763af-5d6b-46e6-aa96-273eac15538a} aComponent={SessionMachine} aText={No storage device attached to device slot 1 on port 0 of controller 'IDE Controller'}, preserve=false aResultDetail=0
00:00:00.136564 nspr-3   ERROR [COM]: aRC=VBOX_E_OBJECT_NOT_FOUND (0x80bb0001) aIID={300763af-5d6b-46e6-aa96-273eac15538a} aComponent={SessionMachine} aText={No storage device attached to device slot 0 on port 1 of controller 'IDE Controller'}, preserve=false aResultDetail=0
00:00:00.136734 nspr-3   ERROR [COM]: aRC=VBOX_E_OBJECT_NOT_FOUND (0x80bb0001) aIID={300763af-5d6b-46e6-aa96-273eac15538a} aComponent={SessionMachine} aText={No storage device attached to device slot 0 on port 1 of controller 'IDE Controller'}, preserve=false aResultDetail=0
00:00:00.136896 nspr-3   ERROR [COM]: aRC=VBOX_E_OBJECT_NOT_FOUND (0x80bb0001) aIID={300763af-5d6b-46e6-aa96-273eac15538a} aComponent={SessionMachine} aText={No storage device attached to device slot 1 on port 1 of controller 'IDE Controller'}, preserve=false aResultDetail=0
00:00:00.137071 nspr-3   ERROR [COM]: aRC=VBOX_E_OBJECT_NOT_FOUND (0x80bb0001) aIID={300763af-5d6b-46e6-aa96-273eac15538a} aComponent={SessionMachine} aText={No storage device attached to device slot 1 on port 1 of controller 'IDE Controller'}, preserve=false aResultDetail=0
00:00:00.145072 nspr-2   WARNING [COM]: aRC=NS_ERROR_FAILURE (0x80004005) aIID={e54f6256-97a7-4947-8a78-10c013ddf4b8} aComponent={HostWrap} aText={VirtualBox is not currently allowed to access USB devices.  You can change this by adding your user to the 'vboxusers' group.  Please see the user manual for a more detailed explanation}, preserve=true aResultDetail=0
00:00:00.145206 nspr-3   WARNING [COM]: aRC=NS_ERROR_FAILURE (0x80004005) aIID={e54f6256-97a7-4947-8a78-10c013ddf4b8} aComponent={HostWrap} aText={VirtualBox is not currently allowed to access USB devices.  You can change this by adding your user to the 'vboxusers' group.  Please see the user manual for a more detailed explanation}, preserve=true aResultDetail=0
00:00:00.147484 nspr-2   ERROR [COM]: aRC=NS_ERROR_FAILURE (0x80004005) aIID={300763af-5d6b-46e6-aa96-273eac15538a} aComponent={SessionMachine} aText={This machine does not have any snapshots}, preserve=false aResultDetail=0
00:00:00.213590 nspr-3   ERROR [COM]: aRC=VBOX_E_OBJECT_NOT_FOUND (0x80bb0001) aIID={7682d5eb-f00e-44f1-8ca2-99d08b1cd607} aComponent={VirtualBoxWrap} aText={Ńo extension pack providing a cryptographic support module could be found}, preserve=false aResultDetail=0
00:00:00.223248 nspr-2   ERROR [COM]: aRC=VBOX_E_OBJECT_NOT_FOUND (0x80bb0001) aIID={300763af-5d6b-46e6-aa96-273eac15538a} aComponent={SessionMachine} aText={No storage device attached to device slot 1 on port 0 of controller 'IDE Controller'}, preserve=false aResultDetail=0
00:00:00.223416 nspr-2   ERROR [COM]: aRC=VBOX_E_OBJECT_NOT_FOUND (0x80bb0001) aIID={300763af-5d6b-46e6-aa96-273eac15538a} aComponent={SessionMachine} aText={No storage device attached to device slot 1 on port 0 of controller 'IDE Controller'}, preserve=false aResultDetail=0
00:00:00.223556 nspr-2   ERROR [COM]: aRC=VBOX_E_OBJECT_NOT_FOUND (0x80bb0001) aIID={300763af-5d6b-46e6-aa96-273eac15538a} aComponent={SessionMachine} aText={No storage device attached to device slot 0 on port 1 of controller 'IDE Controller'}, preserve=false aResultDetail=0
00:00:00.223724 nspr-2   ERROR [COM]: aRC=VBOX_E_OBJECT_NOT_FOUND (0x80bb0001) aIID={300763af-5d6b-46e6-aa96-273eac15538a} aComponent={SessionMachine} aText={No storage device attached to device slot 0 on port 1 of controller 'IDE Controller'}, preserve=false aResultDetail=0
00:00:00.223865 nspr-2   ERROR [COM]: aRC=VBOX_E_OBJECT_NOT_FOUND (0x80bb0001) aIID={300763af-5d6b-46e6-aa96-273eac15538a} aComponent={SessionMachine} aText={No storage device attached to device slot 1 on port 1 of controller 'IDE Controller'}, preserve=false aResultDetail=0
00:00:00.224003 nspr-2   ERROR [COM]: aRC=VBOX_E_OBJECT_NOT_FOUND (0x80bb0001) aIID={300763af-5d6b-46e6-aa96-273eac15538a} aComponent={SessionMachine} aText={No storage device attached to device slot 1 on port 1 of controller 'IDE Controller'}, preserve=false aResultDetail=0
00:00:00.231594 nspr-3   WARNING [COM]: aRC=NS_ERROR_FAILURE (0x80004005) aIID={e54f6256-97a7-4947-8a78-10c013ddf4b8} aComponent={HostWrap} aText={VirtualBox is not currently allowed to access USB devices.  You can change this by adding your user to the 'vboxusers' group.  Please see the user manual for a more detailed explanation}, preserve=true aResultDetail=0
00:00:00.231769 nspr-2   WARNING [COM]: aRC=NS_ERROR_FAILURE (0x80004005) aIID={e54f6256-97a7-4947-8a78-10c013ddf4b8} aComponent={HostWrap} aText={VirtualBox is not currently allowed to access USB devices.  You can change this by adding your user to the 'vboxusers' group.  Please see the user manual for a more detailed explanation}, preserve=true aResultDetail=0
00:00:00.233906 nspr-3   ERROR [COM]: aRC=NS_ERROR_FAILURE (0x80004005) aIID={300763af-5d6b-46e6-aa96-273eac15538a} aComponent={SessionMachine} aText={This machine does not have any snapshots}, preserve=false aResultDetail=0
00:00:00.313783 nspr-2   ERROR [COM]: aRC=VBOX_E_OBJECT_NOT_FOUND (0x80bb0001) aIID={7682d5eb-f00e-44f1-8ca2-99d08b1cd607} aComponent={VirtualBoxWrap} aText={Ńo extension pack providing a cryptographic support module could be found}, preserve=false aResultDetail=0
00:00:00.323193 nspr-3   ERROR [COM]: aRC=VBOX_E_OBJECT_NOT_FOUND (0x80bb0001) aIID={300763af-5d6b-46e6-aa96-273eac15538a} aComponent={SessionMachine} aText={No storage device attached to device slot 1 on port 0 of controller 'IDE Controller'}, preserve=false aResultDetail=0
00:00:00.323367 nspr-3   ERROR [COM]: aRC=VBOX_E_OBJECT_NOT_FOUND (0x80bb0001) aIID={300763af-5d6b-46e6-aa96-273eac15538a} aComponent={SessionMachine} aText={No storage device attached to device slot 1 on port 0 of controller 'IDE Controller'}, preserve=false aResultDetail=0
00:00:00.323521 nspr-3   ERROR [COM]: aRC=VBOX_E_OBJECT_NOT_FOUND (0x80bb0001) aIID={300763af-5d6b-46e6-aa96-273eac15538a} aComponent={SessionMachine} aText={No storage device attached to device slot 0 on port 1 of controller 'IDE Controller'}, preserve=false aResultDetail=0
00:00:00.323722 nspr-3   ERROR [COM]: aRC=VBOX_E_OBJECT_NOT_FOUND (0x80bb0001) aIID={300763af-5d6b-46e6-aa96-273eac15538a} aComponent={SessionMachine} aText={No storage device attached to device slot 0 on port 1 of controller 'IDE Controller'}, preserve=false aResultDetail=0
00:00:00.323877 nspr-3   ERROR [COM]: aRC=VBOX_E_OBJECT_NOT_FOUND (0x80bb0001) aIID={300763af-5d6b-46e6-aa96-273eac15538a} aComponent={SessionMachine} aText={No storage device attached to device slot 1 on port 1 of controller 'IDE Controller'}, preserve=false aResultDetail=0
00:00:00.324024 nspr-3   ERROR [COM]: aRC=VBOX_E_OBJECT_NOT_FOUND (0x80bb0001) aIID={300763af-5d6b-46e6-aa96-273eac15538a} aComponent={SessionMachine} aText={No storage device attached to device slot 1 on port 1 of controller 'IDE Controller'}, preserve=false aResultDetail=0
00:00:00.331811 nspr-2   WARNING [COM]: aRC=NS_ERROR_FAILURE (0x80004005) aIID={e54f6256-97a7-4947-8a78-10c013ddf4b8} aComponent={HostWrap} aText={VirtualBox is not currently allowed to access USB devices.  You can change this by adding your user to the 'vboxusers' group.  Please see the user manual for a more detailed explanation}, preserve=true aResultDetail=0
00:00:00.331955 nspr-3   WARNING [COM]: aRC=NS_ERROR_FAILURE (0x80004005) aIID={e54f6256-97a7-4947-8a78-10c013ddf4b8} aComponent={HostWrap} aText={VirtualBox is not currently allowed to access USB devices.  You can change this by adding your user to the 'vboxusers' group.  Please see the user manual for a more detailed explanation}, preserve=true aResultDetail=0
00:00:00.333985 nspr-2   ERROR [COM]: aRC=NS_ERROR_FAILURE (0x80004005) aIID={300763af-5d6b-46e6-aa96-273eac15538a} aComponent={SessionMachine} aText={This machine does not have any snapshots}, preserve=false aResultDetail=0
00:00:00.405787 nspr-3   ERROR [COM]: aRC=VBOX_E_OBJECT_NOT_FOUND (0x80bb0001) aIID={7682d5eb-f00e-44f1-8ca2-99d08b1cd607} aComponent={VirtualBoxWrap} aText={Ńo extension pack providing a cryptographic support module could be found}, preserve=false aResultDetail=0
00:00:00.415036 nspr-2   ERROR [COM]: aRC=VBOX_E_OBJECT_NOT_FOUND (0x80bb0001) aIID={300763af-5d6b-46e6-aa96-273eac15538a} aComponent={SessionMachine} aText={No storage device attached to device slot 1 on port 0 of controller 'IDE Controller'}, preserve=false aResultDetail=0
00:00:00.415203 nspr-2   ERROR [COM]: aRC=VBOX_E_OBJECT_NOT_FOUND (0x80bb0001) aIID={300763af-5d6b-46e6-aa96-273eac15538a} aComponent={SessionMachine} aText={No storage device attached to device slot 1 on port 0 of controller 'IDE Controller'}, preserve=false aResultDetail=0
00:00:00.415344 nspr-2   ERROR [COM]: aRC=VBOX_E_OBJECT_NOT_FOUND (0x80bb0001) aIID={300763af-5d6b-46e6-aa96-273eac15538a} aComponent={SessionMachine} aText={No storage device attached to device slot 0 on port 1 of controller 'IDE Controller'}, preserve=false aResultDetail=0
00:00:00.415485 nspr-2   ERROR [COM]: aRC=VBOX_E_OBJECT_NOT_FOUND (0x80bb0001) aIID={300763af-5d6b-46e6-aa96-273eac15538a} aComponent={SessionMachine} aText={No storage device attached to device slot 0 on port 1 of controller 'IDE Controller'}, preserve=false aResultDetail=0
00:00:00.415654 nspr-2   ERROR [COM]: aRC=VBOX_E_OBJECT_NOT_FOUND (0x80bb0001) aIID={300763af-5d6b-46e6-aa96-273eac15538a} aComponent={SessionMachine} aText={No storage device attached to device slot 1 on port 1 of controller 'IDE Controller'}, preserve=false aResultDetail=0
00:00:00.415799 nspr-2   ERROR [COM]: aRC=VBOX_E_OBJECT_NOT_FOUND (0x80bb0001) aIID={300763af-5d6b-46e6-aa96-273eac15538a} aComponent={SessionMachine} aText={No storage device attached to device slot 1 on port 1 of controller 'IDE Controller'}, preserve=false aResultDetail=0
00:00:00.424548 nspr-3   WARNING [COM]: aRC=NS_ERROR_FAILURE (0x80004005) aIID={e54f6256-97a7-4947-8a78-10c013ddf4b8} aComponent={HostWrap} aText={VirtualBox is not currently allowed to access USB devices.  You can change this by adding your user to the 'vboxusers' group.  Please see the user manual for a more detailed explanation}, preserve=true aResultDetail=0
00:00:00.424697 nspr-2   WARNING [COM]: aRC=NS_ERROR_FAILURE (0x80004005) aIID={e54f6256-97a7-4947-8a78-10c013ddf4b8} aComponent={HostWrap} aText={VirtualBox is not currently allowed to access USB devices.  You can change this by adding your user to the 'vboxusers' group.  Please see the user manual for a more detailed explanation}, preserve=true aResultDetail=0
00:00:00.426936 nspr-3   ERROR [COM]: aRC=NS_ERROR_FAILURE (0x80004005) aIID={300763af-5d6b-46e6-aa96-273eac15538a} aComponent={SessionMachine} aText={This machine does not have any snapshots}, preserve=false aResultDetail=0
00:00:00.524679 nspr-3   ERROR [COM]: aRC=VBOX_E_OBJECT_NOT_FOUND (0x80bb0001) aIID={7682d5eb-f00e-44f1-8ca2-99d08b1cd607} aComponent={VirtualBoxWrap} aText={Ńo extension pack providing a cryptographic support module could be found}, preserve=false aResultDetail=0
00:00:00.534437 nspr-2   ERROR [COM]: aRC=VBOX_E_OBJECT_NOT_FOUND (0x80bb0001) aIID={300763af-5d6b-46e6-aa96-273eac15538a} aComponent={SessionMachine} aText={No storage device attached to device slot 1 on port 0 of controller 'IDE Controller'}, preserve=false aResultDetail=0
00:00:00.534634 nspr-2   ERROR [COM]: aRC=VBOX_E_OBJECT_NOT_FOUND (0x80bb0001) aIID={300763af-5d6b-46e6-aa96-273eac15538a} aComponent={SessionMachine} aText={No storage device attached to device slot 1 on port 0 of controller 'IDE Controller'}, preserve=false aResultDetail=0
00:00:00.534812 nspr-2   ERROR [COM]: aRC=VBOX_E_OBJECT_NOT_FOUND (0x80bb0001) aIID={300763af-5d6b-46e6-aa96-273eac15538a} aComponent={SessionMachine} aText={No storage device attached to device slot 0 on port 1 of controller 'IDE Controller'}, preserve=false aResultDetail=0
00:00:00.534974 nspr-2   ERROR [COM]: aRC=VBOX_E_OBJECT_NOT_FOUND (0x80bb0001) aIID={300763af-5d6b-46e6-aa96-273eac15538a} aComponent={SessionMachine} aText={No storage device attached to device slot 0 on port 1 of controller 'IDE Controller'}, preserve=false aResultDetail=0
00:00:00.535125 nspr-2   ERROR [COM]: aRC=VBOX_E_OBJECT_NOT_FOUND (0x80bb0001) aIID={300763af-5d6b-46e6-aa96-273eac15538a} aComponent={SessionMachine} aText={No storage device attached to device slot 1 on port 1 of controller 'IDE Controller'}, preserve=false aResultDetail=0
00:00:00.535265 nspr-2   ERROR [COM]: aRC=VBOX_E_OBJECT_NOT_FOUND (0x80bb0001) aIID={300763af-5d6b-46e6-aa96-273eac15538a} aComponent={SessionMachine} aText={No storage device attached to device slot 1 on port 1 of controller 'IDE Controller'}, preserve=false aResultDetail=0
00:00:00.543557 nspr-3   WARNING [COM]: aRC=NS_ERROR_FAILURE (0x80004005) aIID={e54f6256-97a7-4947-8a78-10c013ddf4b8} aComponent={HostWrap} aText={VirtualBox is not currently allowed to access USB devices.  You can change this by adding your user to the 'vboxusers' group.  Please see the user manual for a more detailed explanation}, preserve=true aResultDetail=0
00:00:00.543728 nspr-2   WARNING [COM]: aRC=NS_ERROR_FAILURE (0x80004005) aIID={e54f6256-97a7-4947-8a78-10c013ddf4b8} aComponent={HostWrap} aText={VirtualBox is not currently allowed to access USB devices.  You can change this by adding your user to the 'vboxusers' group.  Please see the user manual for a more detailed explanation}, preserve=true aResultDetail=0
00:00:00.546150 nspr-3   ERROR [COM]: aRC=NS_ERROR_FAILURE (0x80004005) aIID={300763af-5d6b-46e6-aa96-273eac15538a} aComponent={SessionMachine} aText={This machine does not have any snapshots}, preserve=false aResultDetail=0
00:00:00.616190 nspr-2   ERROR [COM]: aRC=VBOX_E_OBJECT_NOT_FOUND (0x80bb0001) aIID={7682d5eb-f00e-44f1-8ca2-99d08b1cd607} aComponent={VirtualBoxWrap} aText={Ńo extension pack providing a cryptographic support module could be found}, preserve=false aResultDetail=0
00:00:00.625881 nspr-3   ERROR [COM]: aRC=VBOX_E_OBJECT_NOT_FOUND (0x80bb0001) aIID={300763af-5d6b-46e6-aa96-273eac15538a} aComponent={SessionMachine} aText={No storage device attached to device slot 1 on port 0 of controller 'IDE Controller'}, preserve=false aResultDetail=0
00:00:00.626068 nspr-3   ERROR [COM]: aRC=VBOX_E_OBJECT_NOT_FOUND (0x80bb0001) aIID={300763af-5d6b-46e6-aa96-273eac15538a} aComponent={SessionMachine} aText={No storage device attached to device slot 1 on port 0 of controller 'IDE Controller'}, preserve=false aResultDetail=0
00:00:00.626232 nspr-3   ERROR [COM]: aRC=VBOX_E_OBJECT_NOT_FOUND (0x80bb0001) aIID={300763af-5d6b-46e6-aa96-273eac15538a} aComponent={SessionMachine} aText={No storage device attached to device slot 0 on port 1 of controller 'IDE Controller'}, preserve=false aResultDetail=0
00:00:00.626391 nspr-3   ERROR [COM]: aRC=VBOX_E_OBJECT_NOT_FOUND (0x80bb0001) aIID={300763af-5d6b-46e6-aa96-273eac15538a} aComponent={SessionMachine} aText={No storage device attached to device slot 0 on port 1 of controller 'IDE Controller'}, preserve=false aResultDetail=0
00:00:00.626551 nspr-3   ERROR [COM]: aRC=VBOX_E_OBJECT_NOT_FOUND (0x80bb0001) aIID={300763af-5d6b-46e6-aa96-273eac15538a} aComponent={SessionMachine} aText={No storage device attached to device slot 1 on port 1 of controller 'IDE Controller'}, preserve=false aResultDetail=0
00:00:00.626727 nspr-3   ERROR [COM]: aRC=VBOX_E_OBJECT_NOT_FOUND (0x80bb0001) aIID={300763af-5d6b-46e6-aa96-273eac15538a} aComponent={SessionMachine} aText={No storage device attached to device slot 1 on port 1 of controller 'IDE Controller'}, preserve=false aResultDetail=0
00:00:00.634836 nspr-2   WARNING [COM]: aRC=NS_ERROR_FAILURE (0x80004005) aIID={e54f6256-97a7-4947-8a78-10c013ddf4b8} aComponent={HostWrap} aText={VirtualBox is not currently allowed to access USB devices.  You can change this by adding your user to the 'vboxusers' group.  Please see the user manual for a more detailed explanation}, preserve=true aResultDetail=0
00:00:00.634984 nspr-3   WARNING [COM]: aRC=NS_ERROR_FAILURE (0x80004005) aIID={e54f6256-97a7-4947-8a78-10c013ddf4b8} aComponent={HostWrap} aText={VirtualBox is not currently allowed to access USB devices.  You can change this by adding your user to the 'vboxusers' group.  Please see the user manual for a more detailed explanation}, preserve=true aResultDetail=0
00:00:00.637445 nspr-2   ERROR [COM]: aRC=NS_ERROR_FAILURE (0x80004005) aIID={300763af-5d6b-46e6-aa96-273eac15538a} aComponent={SessionMachine} aText={This machine does not have any snapshots}, preserve=false aResultDetail=0
00:00:00.743306 nspr-2   NetIfAdpCtlOut: VBoxNetAdpCtl: Error while retrieving link speed for wlp4s0: VBoxNetAdpCtl: ioctl failed: Operation not supported
00:00:00.819394 nspr-2   ERROR [COM]: aRC=VBOX_E_OBJECT_NOT_FOUND (0x80bb0001) aIID={7682d5eb-f00e-44f1-8ca2-99d08b1cd607} aComponent={VirtualBoxWrap} aText={Ńo extension pack providing a cryptographic support module could be found}, preserve=false aResultDetail=0
00:00:00.828883 nspr-3   ERROR [COM]: aRC=VBOX_E_OBJECT_NOT_FOUND (0x80bb0001) aIID={300763af-5d6b-46e6-aa96-273eac15538a} aComponent={SessionMachine} aText={No storage device attached to device slot 1 on port 0 of controller 'IDE Controller'}, preserve=false aResultDetail=0
00:00:00.829052 nspr-3   ERROR [COM]: aRC=VBOX_E_OBJECT_NOT_FOUND (0x80bb0001) aIID={300763af-5d6b-46e6-aa96-273eac15538a} aComponent={SessionMachine} aText={No storage device attached to device slot 1 on port 0 of controller 'IDE Controller'}, preserve=false aResultDetail=0
00:00:00.829208 nspr-3   ERROR [COM]: aRC=VBOX_E_OBJECT_NOT_FOUND (0x80bb0001) aIID={300763af-5d6b-46e6-aa96-273eac15538a} aComponent={SessionMachine} aText={No storage device attached to device slot 0 on port 1 of controller 'IDE Controller'}, preserve=false aResultDetail=0
00:00:00.829349 nspr-3   ERROR [COM]: aRC=VBOX_E_OBJECT_NOT_FOUND (0x80bb0001) aIID={300763af-5d6b-46e6-aa96-273eac15538a} aComponent={SessionMachine} aText={No storage device attached to device slot 0 on port 1 of controller 'IDE Controller'}, preserve=false aResultDetail=0
00:00:00.829491 nspr-3   ERROR [COM]: aRC=VBOX_E_OBJECT_NOT_FOUND (0x80bb0001) aIID={300763af-5d6b-46e6-aa96-273eac15538a} aComponent={SessionMachine} aText={No storage device attached to device slot 1 on port 1 of controller 'IDE Controller'}, preserve=false aResultDetail=0
00:00:00.829696 nspr-3   ERROR [COM]: aRC=VBOX_E_OBJECT_NOT_FOUND (0x80bb0001) aIID={300763af-5d6b-46e6-aa96-273eac15538a} aComponent={SessionMachine} aText={No storage device attached to device slot 1 on port 1 of controller 'IDE Controller'}, preserve=false aResultDetail=0
00:00:00.837287 nspr-2   WARNING [COM]: aRC=NS_ERROR_FAILURE (0x80004005) aIID={e54f6256-97a7-4947-8a78-10c013ddf4b8} aComponent={HostWrap} aText={VirtualBox is not currently allowed to access USB devices.  You can change this by adding your user to the 'vboxusers' group.  Please see the user manual for a more detailed explanation}, preserve=true aResultDetail=0
00:00:00.837449 nspr-3   WARNING [COM]: aRC=NS_ERROR_FAILURE (0x80004005) aIID={e54f6256-97a7-4947-8a78-10c013ddf4b8} aComponent={HostWrap} aText={VirtualBox is not currently allowed to access USB devices.  You can change this by adding your user to the 'vboxusers' group.  Please see the user manual for a more detailed explanation}, preserve=true aResultDetail=0
00:00:00.839677 nspr-2   ERROR [COM]: aRC=NS_ERROR_FAILURE (0x80004005) aIID={300763af-5d6b-46e6-aa96-273eac15538a} aComponent={SessionMachine} aText={This machine does not have any snapshots}, preserve=false aResultDetail=0
00:00:04.517629 nspr-3   ERROR [COM]: aRC=VBOX_E_OBJECT_NOT_FOUND (0x80bb0001) aIID={7682d5eb-f00e-44f1-8ca2-99d08b1cd607} aComponent={VirtualBoxWrap} aText={Ńo extension pack providing a cryptographic support module could be found}, preserve=false aResultDetail=0
00:00:04.527490 nspr-2   ERROR [COM]: aRC=VBOX_E_OBJECT_NOT_FOUND (0x80bb0001) aIID={300763af-5d6b-46e6-aa96-273eac15538a} aComponent={SessionMachine} aText={No storage device attached to device slot 1 on port 0 of controller 'IDE Controller'}, preserve=false aResultDetail=0
00:00:04.527663 nspr-2   ERROR [COM]: aRC=VBOX_E_OBJECT_NOT_FOUND (0x80bb0001) aIID={300763af-5d6b-46e6-aa96-273eac15538a} aComponent={SessionMachine} aText={No storage device attached to device slot 1 on port 0 of controller 'IDE Controller'}, preserve=false aResultDetail=0
00:00:04.527808 nspr-2   ERROR [COM]: aRC=VBOX_E_OBJECT_NOT_FOUND (0x80bb0001) aIID={300763af-5d6b-46e6-aa96-273eac15538a} aComponent={SessionMachine} aText={No storage device attached to device slot 0 on port 1 of controller 'IDE Controller'}, preserve=false aResultDetail=0
00:00:04.527944 nspr-2   ERROR [COM]: aRC=VBOX_E_OBJECT_NOT_FOUND (0x80bb0001) aIID={300763af-5d6b-46e6-aa96-273eac15538a} aComponent={SessionMachine} aText={No storage device attached to device slot 0 on port 1 of controller 'IDE Controller'}, preserve=false aResultDetail=0
00:00:04.528085 nspr-2   ERROR [COM]: aRC=VBOX_E_OBJECT_NOT_FOUND (0x80bb0001) aIID={300763af-5d6b-46e6-aa96-273eac15538a} aComponent={SessionMachine} aText={No storage device attached to device slot 1 on port 1 of controller 'IDE Controller'}, preserve=false aResultDetail=0
00:00:04.528230 nspr-2   ERROR [COM]: aRC=VBOX_E_OBJECT_NOT_FOUND (0x80bb0001) aIID={300763af-5d6b-46e6-aa96-273eac15538a} aComponent={SessionMachine} aText={No storage device attached to device slot 1 on port 1 of controller 'IDE Controller'}, preserve=false aResultDetail=0
00:00:04.536226 nspr-3   WARNING [COM]: aRC=NS_ERROR_FAILURE (0x80004005) aIID={e54f6256-97a7-4947-8a78-10c013ddf4b8} aComponent={HostWrap} aText={VirtualBox is not currently allowed to access USB devices.  You can change this by adding your user to the 'vboxusers' group.  Please see the user manual for a more detailed explanation}, preserve=true aResultDetail=0
00:00:04.536363 nspr-2   WARNING [COM]: aRC=NS_ERROR_FAILURE (0x80004005) aIID={e54f6256-97a7-4947-8a78-10c013ddf4b8} aComponent={HostWrap} aText={VirtualBox is not currently allowed to access USB devices.  You can change this by adding your user to the 'vboxusers' group.  Please see the user manual for a more detailed explanation}, preserve=true aResultDetail=0
00:00:04.538663 nspr-3   ERROR [COM]: aRC=NS_ERROR_FAILURE (0x80004005) aIID={300763af-5d6b-46e6-aa96-273eac15538a} aComponent={SessionMachine} aText={This machine does not have any snapshots}, preserve=false aResultDetail=0
00:00:04.629705 nspr-3   NetIfAdpCtlOut: VBoxNetAdpCtl: Error while retrieving link speed for wlp4s0: VBoxNetAdpCtl: ioctl failed: Operation not supported
00:00:04.700068 nspr-3   ERROR [COM]: aRC=VBOX_E_OBJECT_NOT_FOUND (0x80bb0001) aIID={7682d5eb-f00e-44f1-8ca2-99d08b1cd607} aComponent={VirtualBoxWrap} aText={Ńo extension pack providing a cryptographic support module could be found}, preserve=false aResultDetail=0
00:00:04.709438 nspr-3   ERROR [COM]: aRC=VBOX_E_OBJECT_NOT_FOUND (0x80bb0001) aIID={300763af-5d6b-46e6-aa96-273eac15538a} aComponent={SessionMachine} aText={No storage device attached to device slot 1 on port 0 of controller 'IDE Controller'}, preserve=false aResultDetail=0
00:00:04.709613 nspr-3   ERROR [COM]: aRC=VBOX_E_OBJECT_NOT_FOUND (0x80bb0001) aIID={300763af-5d6b-46e6-aa96-273eac15538a} aComponent={SessionMachine} aText={No storage device attached to device slot 1 on port 0 of controller 'IDE Controller'}, preserve=false aResultDetail=0
00:00:04.709763 nspr-3   ERROR [COM]: aRC=VBOX_E_OBJECT_NOT_FOUND (0x80bb0001) aIID={300763af-5d6b-46e6-aa96-273eac15538a} aComponent={SessionMachine} aText={No storage device attached to device slot 0 on port 1 of controller 'IDE Controller'}, preserve=false aResultDetail=0
00:00:04.709913 nspr-3   ERROR [COM]: aRC=VBOX_E_OBJECT_NOT_FOUND (0x80bb0001) aIID={300763af-5d6b-46e6-aa96-273eac15538a} aComponent={SessionMachine} aText={No storage device attached to device slot 0 on port 1 of controller 'IDE Controller'}, preserve=false aResultDetail=0
00:00:04.710064 nspr-3   ERROR [COM]: aRC=VBOX_E_OBJECT_NOT_FOUND (0x80bb0001) aIID={300763af-5d6b-46e6-aa96-273eac15538a} aComponent={SessionMachine} aText={No storage device attached to device slot 1 on port 1 of controller 'IDE Controller'}, preserve=false aResultDetail=0
00:00:04.710208 nspr-3   ERROR [COM]: aRC=VBOX_E_OBJECT_NOT_FOUND (0x80bb0001) aIID={300763af-5d6b-46e6-aa96-273eac15538a} aComponent={SessionMachine} aText={No storage device attached to device slot 1 on port 1 of controller 'IDE Controller'}, preserve=false aResultDetail=0
00:00:04.717747 nspr-2   WARNING [COM]: aRC=NS_ERROR_FAILURE (0x80004005) aIID={e54f6256-97a7-4947-8a78-10c013ddf4b8} aComponent={HostWrap} aText={VirtualBox is not currently allowed to access USB devices.  You can change this by adding your user to the 'vboxusers' group.  Please see the user manual for a more detailed explanation}, preserve=true aResultDetail=0
00:00:04.717871 nspr-3   WARNING [COM]: aRC=NS_ERROR_FAILURE (0x80004005) aIID={e54f6256-97a7-4947-8a78-10c013ddf4b8} aComponent={HostWrap} aText={VirtualBox is not currently allowed to access USB devices.  You can change this by adding your user to the 'vboxusers' group.  Please see the user manual for a more detailed explanation}, preserve=true aResultDetail=0
00:00:04.720090 nspr-2   ERROR [COM]: aRC=NS_ERROR_FAILURE (0x80004005) aIID={300763af-5d6b-46e6-aa96-273eac15538a} aComponent={SessionMachine} aText={This machine does not have any snapshots}, preserve=false aResultDetail=0
00:00:04.811974 nspr-3   ERROR [COM]: aRC=VBOX_E_OBJECT_NOT_FOUND (0x80bb0001) aIID={7682d5eb-f00e-44f1-8ca2-99d08b1cd607} aComponent={VirtualBoxWrap} aText={Ńo extension pack providing a cryptographic support module could be found}, preserve=false aResultDetail=0
00:00:04.821338 nspr-2   ERROR [COM]: aRC=VBOX_E_OBJECT_NOT_FOUND (0x80bb0001) aIID={300763af-5d6b-46e6-aa96-273eac15538a} aComponent={SessionMachine} aText={No storage device attached to device slot 1 on port 0 of controller 'IDE Controller'}, preserve=false aResultDetail=0
00:00:04.821523 nspr-2   ERROR [COM]: aRC=VBOX_E_OBJECT_NOT_FOUND (0x80bb0001) aIID={300763af-5d6b-46e6-aa96-273eac15538a} aComponent={SessionMachine} aText={No storage device attached to device slot 1 on port 0 of controller 'IDE Controller'}, preserve=false aResultDetail=0
00:00:04.821693 nspr-2   ERROR [COM]: aRC=VBOX_E_OBJECT_NOT_FOUND (0x80bb0001) aIID={300763af-5d6b-46e6-aa96-273eac15538a} aComponent={SessionMachine} aText={No storage device attached to device slot 0 on port 1 of controller 'IDE Controller'}, preserve=false aResultDetail=0
00:00:04.821848 nspr-2   ERROR [COM]: aRC=VBOX_E_OBJECT_NOT_FOUND (0x80bb0001) aIID={300763af-5d6b-46e6-aa96-273eac15538a} aComponent={SessionMachine} aText={No storage device attached to device slot 0 on port 1 of controller 'IDE Controller'}, preserve=false aResultDetail=0
00:00:04.822004 nspr-2   ERROR [COM]: aRC=VBOX_E_OBJECT_NOT_FOUND (0x80bb0001) aIID={300763af-5d6b-46e6-aa96-273eac15538a} aComponent={SessionMachine} aText={No storage device attached to device slot 1 on port 1 of controller 'IDE Controller'}, preserve=false aResultDetail=0
00:00:04.822152 nspr-2   ERROR [COM]: aRC=VBOX_E_OBJECT_NOT_FOUND (0x80bb0001) aIID={300763af-5d6b-46e6-aa96-273eac15538a} aComponent={SessionMachine} aText={No storage device attached to device slot 1 on port 1 of controller 'IDE Controller'}, preserve=false aResultDetail=0
00:00:04.830270 nspr-3   WARNING [COM]: aRC=NS_ERROR_FAILURE (0x80004005) aIID={e54f6256-97a7-4947-8a78-10c013ddf4b8} aComponent={HostWrap} aText={VirtualBox is not currently allowed to access USB devices.  You can change this by adding your user to the 'vboxusers' group.  Please see the user manual for a more detailed explanation}, preserve=true aResultDetail=0
00:00:04.830403 nspr-2   WARNING [COM]: aRC=NS_ERROR_FAILURE (0x80004005) aIID={e54f6256-97a7-4947-8a78-10c013ddf4b8} aComponent={HostWrap} aText={VirtualBox is not currently allowed to access USB devices.  You can change this by adding your user to the 'vboxusers' group.  Please see the user manual for a more detailed explanation}, preserve=true aResultDetail=0
00:00:04.832428 nspr-3   ERROR [COM]: aRC=NS_ERROR_FAILURE (0x80004005) aIID={300763af-5d6b-46e6-aa96-273eac15538a} aComponent={SessionMachine} aText={This machine does not have any snapshots}, preserve=false aResultDetail=0
00:00:04.903092 nspr-2   ERROR [COM]: aRC=VBOX_E_OBJECT_NOT_FOUND (0x80bb0001) aIID={7682d5eb-f00e-44f1-8ca2-99d08b1cd607} aComponent={VirtualBoxWrap} aText={Ńo extension pack providing a cryptographic support module could be found}, preserve=false aResultDetail=0
00:00:04.912985 nspr-2   ERROR [COM]: aRC=VBOX_E_OBJECT_NOT_FOUND (0x80bb0001) aIID={300763af-5d6b-46e6-aa96-273eac15538a} aComponent={SessionMachine} aText={No storage device attached to device slot 1 on port 0 of controller 'IDE Controller'}, preserve=false aResultDetail=0
00:00:04.913153 nspr-2   ERROR [COM]: aRC=VBOX_E_OBJECT_NOT_FOUND (0x80bb0001) aIID={300763af-5d6b-46e6-aa96-273eac15538a} aComponent={SessionMachine} aText={No storage device attached to device slot 1 on port 0 of controller 'IDE Controller'}, preserve=false aResultDetail=0
00:00:04.913296 nspr-2   ERROR [COM]: aRC=VBOX_E_OBJECT_NOT_FOUND (0x80bb0001) aIID={300763af-5d6b-46e6-aa96-273eac15538a} aComponent={SessionMachine} aText={No storage device attached to device slot 0 on port 1 of controller 'IDE Controller'}, preserve=false aResultDetail=0
00:00:04.913435 nspr-2   ERROR [COM]: aRC=VBOX_E_OBJECT_NOT_FOUND (0x80bb0001) aIID={300763af-5d6b-46e6-aa96-273eac15538a} aComponent={SessionMachine} aText={No storage device attached to device slot 0 on port 1 of controller 'IDE Controller'}, preserve=false aResultDetail=0
00:00:04.913591 nspr-2   ERROR [COM]: aRC=VBOX_E_OBJECT_NOT_FOUND (0x80bb0001) aIID={300763af-5d6b-46e6-aa96-273eac15538a} aComponent={SessionMachine} aText={No storage device attached to device slot 1 on port 1 of controller 'IDE Controller'}, preserve=false aResultDetail=0
00:00:04.913747 nspr-2   ERROR [COM]: aRC=VBOX_E_OBJECT_NOT_FOUND (0x80bb0001) aIID={300763af-5d6b-46e6-aa96-273eac15538a} aComponent={SessionMachine} aText={No storage device attached to device slot 1 on port 1 of controller 'IDE Controller'}, preserve=false aResultDetail=0
00:00:04.921469 nspr-3   WARNING [COM]: aRC=NS_ERROR_FAILURE (0x80004005) aIID={e54f6256-97a7-4947-8a78-10c013ddf4b8} aComponent={HostWrap} aText={VirtualBox is not currently allowed to access USB devices.  You can change this by adding your user to the 'vboxusers' group.  Please see the user manual for a more detailed explanation}, preserve=true aResultDetail=0
00:00:04.921618 nspr-2   WARNING [COM]: aRC=NS_ERROR_FAILURE (0x80004005) aIID={e54f6256-97a7-4947-8a78-10c013ddf4b8} aComponent={HostWrap} aText={VirtualBox is not currently allowed to access USB devices.  You can change this by adding your user to the 'vboxusers' group.  Please see the user manual for a more detailed explanation}, preserve=true aResultDetail=0
00:00:04.923688 nspr-3   ERROR [COM]: aRC=NS_ERROR_FAILURE (0x80004005) aIID={300763af-5d6b-46e6-aa96-273eac15538a} aComponent={SessionMachine} aText={This machine does not have any snapshots}, preserve=false aResultDetail=0
00:00:05.000138 nspr-2   ERROR [COM]: aRC=VBOX_E_OBJECT_NOT_FOUND (0x80bb0001) aIID={7682d5eb-f00e-44f1-8ca2-99d08b1cd607} aComponent={VirtualBoxWrap} aText={Ńo extension pack providing a cryptographic support module could be found}, preserve=false aResultDetail=0
00:00:05.010228 nspr-3   ERROR [COM]: aRC=VBOX_E_OBJECT_NOT_FOUND (0x80bb0001) aIID={300763af-5d6b-46e6-aa96-273eac15538a} aComponent={SessionMachine} aText={No storage device attached to device slot 1 on port 0 of controller 'IDE Controller'}, preserve=false aResultDetail=0
00:00:05.010389 nspr-3   ERROR [COM]: aRC=VBOX_E_OBJECT_NOT_FOUND (0x80bb0001) aIID={300763af-5d6b-46e6-aa96-273eac15538a} aComponent={SessionMachine} aText={No storage device attached to device slot 1 on port 0 of controller 'IDE Controller'}, preserve=false aResultDetail=0
00:00:05.010543 nspr-3   ERROR [COM]: aRC=VBOX_E_OBJECT_NOT_FOUND (0x80bb0001) aIID={300763af-5d6b-46e6-aa96-273eac15538a} aComponent={SessionMachine} aText={No storage device attached to device slot 0 on port 1 of controller 'IDE Controller'}, preserve=false aResultDetail=0
00:00:05.010697 nspr-3   ERROR [COM]: aRC=VBOX_E_OBJECT_NOT_FOUND (0x80bb0001) aIID={300763af-5d6b-46e6-aa96-273eac15538a} aComponent={SessionMachine} aText={No storage device attached to device slot 0 on port 1 of controller 'IDE Controller'}, preserve=false aResultDetail=0
00:00:05.010845 nspr-3   ERROR [COM]: aRC=VBOX_E_OBJECT_NOT_FOUND (0x80bb0001) aIID={300763af-5d6b-46e6-aa96-273eac15538a} aComponent={SessionMachine} aText={No storage device attached to device slot 1 on port 1 of controller 'IDE Controller'}, preserve=false aResultDetail=0
00:00:05.011007 nspr-3   ERROR [COM]: aRC=VBOX_E_OBJECT_NOT_FOUND (0x80bb0001) aIID={300763af-5d6b-46e6-aa96-273eac15538a} aComponent={SessionMachine} aText={No storage device attached to device slot 1 on port 1 of controller 'IDE Controller'}, preserve=false aResultDetail=0
00:00:05.018902 nspr-2   WARNING [COM]: aRC=NS_ERROR_FAILURE (0x80004005) aIID={e54f6256-97a7-4947-8a78-10c013ddf4b8} aComponent={HostWrap} aText={VirtualBox is not currently allowed to access USB devices.  You can change this by adding your user to the 'vboxusers' group.  Please see the user manual for a more detailed explanation}, preserve=true aResultDetail=0
00:00:05.019033 nspr-3   WARNING [COM]: aRC=NS_ERROR_FAILURE (0x80004005) aIID={e54f6256-97a7-4947-8a78-10c013ddf4b8} aComponent={HostWrap} aText={VirtualBox is not currently allowed to access USB devices.  You can change this by adding your user to the 'vboxusers' group.  Please see the user manual for a more detailed explanation}, preserve=true aResultDetail=0
00:00:05.021199 nspr-2   ERROR [COM]: aRC=NS_ERROR_FAILURE (0x80004005) aIID={300763af-5d6b-46e6-aa96-273eac15538a} aComponent={SessionMachine} aText={This machine does not have any snapshots}, preserve=false aResultDetail=0
00:00:05.121743 nspr-2   ERROR [COM]: aRC=VBOX_E_OBJECT_NOT_FOUND (0x80bb0001) aIID={7682d5eb-f00e-44f1-8ca2-99d08b1cd607} aComponent={VirtualBoxWrap} aText={Ńo extension pack providing a cryptographic support module could be found}, preserve=false aResultDetail=0
00:00:05.130738 nspr-3   ERROR [COM]: aRC=VBOX_E_OBJECT_NOT_FOUND (0x80bb0001) aIID={300763af-5d6b-46e6-aa96-273eac15538a} aComponent={SessionMachine} aText={No storage device attached to device slot 1 on port 0 of controller 'IDE Controller'}, preserve=false aResultDetail=0
00:00:05.130913 nspr-3   ERROR [COM]: aRC=VBOX_E_OBJECT_NOT_FOUND (0x80bb0001) aIID={300763af-5d6b-46e6-aa96-273eac15538a} aComponent={SessionMachine} aText={No storage device attached to device slot 1 on port 0 of controller 'IDE Controller'}, preserve=false aResultDetail=0
00:00:05.131066 nspr-3   ERROR [COM]: aRC=VBOX_E_OBJECT_NOT_FOUND (0x80bb0001) aIID={300763af-5d6b-46e6-aa96-273eac15538a} aComponent={SessionMachine} aText={No storage device attached to device slot 0 on port 1 of controller 'IDE Controller'}, preserve=false aResultDetail=0
00:00:05.131211 nspr-3   ERROR [COM]: aRC=VBOX_E_OBJECT_NOT_FOUND (0x80bb0001) aIID={300763af-5d6b-46e6-aa96-273eac15538a} aComponent={SessionMachine} aText={No storage device attached to device slot 0 on port 1 of controller 'IDE Controller'}, preserve=false aResultDetail=0
00:00:05.131354 nspr-3   ERROR [COM]: aRC=VBOX_E_OBJECT_NOT_FOUND (0x80bb0001) aIID={300763af-5d6b-46e6-aa96-273eac15538a} aComponent={SessionMachine} aText={No storage device attached to device slot 1 on port 1 of controller 'IDE Controller'}, preserve=false aResultDetail=0
00:00:05.131499 nspr-3   ERROR [COM]: aRC=VBOX_E_OBJECT_NOT_FOUND (0x80bb0001) aIID={300763af-5d6b-46e6-aa96-273eac15538a} aComponent={SessionMachine} aText={No storage device attached to device slot 1 on port 1 of controller 'IDE Controller'}, preserve=false aResultDetail=0
00:00:05.138822 nspr-2   WARNING [COM]: aRC=NS_ERROR_FAILURE (0x80004005) aIID={e54f6256-97a7-4947-8a78-10c013ddf4b8} aComponent={HostWrap} aText={VirtualBox is not currently allowed to access USB devices.  You can change this by adding your user to the 'vboxusers' group.  Please see the user manual for a more detailed explanation}, preserve=true aResultDetail=0
00:00:05.138948 nspr-3   WARNING [COM]: aRC=NS_ERROR_FAILURE (0x80004005) aIID={e54f6256-97a7-4947-8a78-10c013ddf4b8} aComponent={HostWrap} aText={VirtualBox is not currently allowed to access USB devices.  You can change this by adding your user to the 'vboxusers' group.  Please see the user manual for a more detailed explanation}, preserve=true aResultDetail=0
00:00:05.141235 nspr-2   ERROR [COM]: aRC=NS_ERROR_FAILURE (0x80004005) aIID={300763af-5d6b-46e6-aa96-273eac15538a} aComponent={SessionMachine} aText={This machine does not have any snapshots}, preserve=false aResultDetail=0
00:00:06.212173 nspr-2   Saving settings file "/home/adnan/.config/VirtualBox/VirtualBox.xml" with version "1.12-linux"
00:00:06.222943 nspr-2   Finished saving settings file "/home/adnan/.config/VirtualBox/VirtualBox.xml"
00:00:06.222997 nspr-2   Saving settings file "/home/adnan/.config/VirtualBox/VirtualBox.xml" with version "1.12-linux"
00:00:06.229442 nspr-2   Finished saving settings file "/home/adnan/.config/VirtualBox/VirtualBox.xml"
00:00:06.230478 DeleteVM Saving settings file "/home/adnan/.config/VirtualBox/VirtualBox.xml" with version "1.12-linux"
00:00:06.245181 DeleteVM Finished saving settings file "/home/adnan/.config/VirtualBox/VirtualBox.xml"
00:00:06.386015 nspr-2   ERROR [COM]: aRC=NS_ERROR_FAILURE (0x80004005) aIID={aac6c7cb-a371-4c58-ab51-0616896b2f2c} aComponent={SystemPropertiesWrap} aText={Cannot determine default Guest Additions ISO location. Most likely they are not available}, preserve=false aResultDetail=0
00:00:11.455793 main     VirtualBox: object deletion starts
00:00:11.456482 main     HostDnsMonitor: shutting down ...
00:00:11.461712 main     HostDnsMonitor: shut down
00:00:11.473556 Watcher  ERROR [COM]: aRC=E_ACCESSDENIED (0x80070005) aIID={7682d5eb-f00e-44f1-8ca2-99d08b1cd607} aComponent={VirtualBoxWrap} aText={The object is not ready}, preserve=false aResultDetail=0
00:00:11.473669 main     VirtualBox: object deleted
